<?xml version="1.0" encoding="UTF-8"?>
<testsuite name="JUnit Vintage" tests="0" skipped="0" failures="0" errors="0" time="0" hostname="joelrudsberg-mac" timestamp="2024-12-06T14:36:46">
<properties>
<property name="file.encoding" value="UTF-8"/>
<property name="file.separator" value="/"/>
<property name="java.class.path" value=""/>
<property name="java.class.version" value="67.0"/>
<property name="java.endorsed.dirs" value=""/>
<property name="java.ext.dirs" value=""/>
<property name="java.io.tmpdir" value="/var/folders/9c/cp9zv5hs6313c0hqgh6r7_mw0000gq/T/"/>
<property name="java.library.path" value="."/>
<property name="java.runtime.name" value="GraalVM Runtime Environment"/>
<property name="java.runtime.version" value="23+37-jvmci-b01"/>
<property name="java.specification.name" value="Java Platform API Specification"/>
<property name="java.specification.vendor" value="Oracle Corporation"/>
<property name="java.specification.version" value="23"/>
<property name="java.vendor" value="GraalVM Community"/>
<property name="java.vendor.url" value="https://www.graalvm.org/"/>
<property name="java.vendor.version" value="GraalVM CE 23+37.1"/>
<property name="java.version" value="23"/>
<property name="java.version.date" value="2024-09-17"/>
<property name="java.vm.info" value="serial gc"/>
<property name="java.vm.name" value="Substrate VM"/>
<property name="java.vm.specification.name" value="Java Virtual Machine Specification"/>
<property name="java.vm.specification.vendor" value="Oracle Corporation"/>
<property name="java.vm.specification.version" value="23"/>
<property name="java.vm.vendor" value="GraalVM Community"/>
<property name="java.vm.version" value="23+37"/>
<property name="jdk.lang.Process.launchMechanism" value="FORK"/>
<property name="line.separator" value="
"/>
<property name="native.encoding" value="UTF-8"/>
<property name="org.graalvm.nativeimage.imagecode" value="runtime"/>
<property name="org.graalvm.nativeimage.kind" value="executable"/>
<property name="os.arch" value="aarch64"/>
<property name="os.name" value="Mac OS X"/>
<property name="os.version" value="15.1"/>
<property name="path.separator" value=":"/>
<property name="stderr.encoding" value="UTF-8"/>
<property name="stdout.encoding" value="UTF-8"/>
<property name="sun.arch.data.model" value="64"/>
<property name="sun.jnu.encoding" value="UTF-8"/>
<property name="user.dir" value="/Users/joelrudsberg/dev/graalvm-reachability-metadata"/>
<property name="user.home" value="/Users/joelrudsberg"/>
<property name="user.name" value="joelrudsberg"/>
<property name="user.timezone" value="Europe/Zurich"/>
</properties>
<system-out><![CDATA[
unique-id: [engine:junit-vintage]
display-name: JUnit Vintage
]]></system-out>
</testsuite>
